INFO:
UCSF ChimeraX version: 1.1 (2020-09-09)
INFO:
© 2016-2020 Regents of the University of California.  All rights reserved.
INFO:
[How to cite UCSF ChimeraX](cxcmd:help help:credits.html)  

INFO:
Executing: open /media/zita/420035510C1C3397/Research-from-2016-09-30/Scripts/DIPEND/test-results/parameters/build.cxc
INFO:
Executing: build start peptide built GSKKGGGWGQPH -65,135 -65,135 -65,135 -65,135 -65,135 -65,135 -65,135 -65,135 -65,135 -65,135 -65,135 -65,135 rotlib Dunbrack
STATUS:
Retrieving rotamers from Dunbrack library
STATUS:
Rotamers retrieved from Dunbrack library
STATUS:
Retrieving rotamers from Dunbrack library
STATUS:
Rotamers retrieved from Dunbrack library
STATUS:
Retrieving rotamers from Dunbrack library
STATUS:
Rotamers retrieved from Dunbrack library
STATUS:
Retrieving rotamers from Dunbrack library
STATUS:
Rotamers retrieved from Dunbrack library
STATUS:
Retrieving rotamers from Dunbrack library
STATUS:
Rotamers retrieved from Dunbrack library
STATUS:
Retrieving rotamers from Dunbrack library
STATUS:
Rotamers retrieved from Dunbrack library
STATUS:
Retrieving rotamers from Dunbrack library
STATUS:
Rotamers retrieved from Dunbrack library
INFO:
Executing: view
INFO:
Chain information for built #1  
---  
Chain | Description  
[A](cxcmd:select /A:1-12 "Select chain") | [No description
available](cxcmd:sequence chain #1/A "Show sequence")  
  

INFO:
Executing: save /media/zita/420035510C1C3397/Research-from-2016-09-30/Scripts/DIPEND/test-results/parameters/test_parameters_initial.pdb
INFO:
Executing: quit
STATUS:
Exiting ...
0.00% done: Initializing core
50.00% done: Initializing bundles
100.00% done: Finished initialization
INFO:
UCSF ChimeraX version: 1.1 (2020-09-09)
INFO:
© 2016-2020 Regents of the University of California.  All rights reserved.
INFO:
[How to cite UCSF ChimeraX](cxcmd:help help:credits.html)  

INFO:
Executing: open /media/zita/420035510C1C3397/Research-from-2016-09-30/Scripts/DIPEND/test-results/parameters/rotate.cxc
INFO:
Executing: open /media/zita/420035510C1C3397/Research-from-2016-09-30/Scripts/DIPEND/test-results/parameters/test_parameters_1.pdb
INFO:
Chain information for test_parameters_1.pdb #1  
---  
Chain | Description  
[A](cxcmd:select /A:1-12 "Select chain") | [No description
available](cxcmd:sequence chain #1/A "Show sequence")  
  

INFO:
Executing: setattr :1 res phi 150.0
INFO:
Assigning phi attribute to 1 item
INFO:
Executing: setattr :1 res psi 175.0
INFO:
Assigning psi attribute to 1 item
INFO:
Executing: setattr :2 res phi -135.0
INFO:
Assigning phi attribute to 1 item
INFO:
Executing: setattr :2 res psi -30.0
INFO:
Assigning psi attribute to 1 item
INFO:
Executing: setattr :3 res phi -75.0
INFO:
Assigning phi attribute to 1 item
INFO:
Executing: setattr :3 res psi 110.0
INFO:
Assigning psi attribute to 1 item
INFO:
Executing: setattr :4 res phi -55.0
INFO:
Assigning phi attribute to 1 item
INFO:
Executing: setattr :4 res psi 40.0
INFO:
Assigning psi attribute to 1 item
INFO:
Executing: setattr :5 res phi 75.0
INFO:
Assigning phi attribute to 1 item
INFO:
Executing: setattr :5 res psi 5.0
INFO:
Assigning psi attribute to 1 item
INFO:
Executing: setattr :6 res phi -105.0
INFO:
Assigning phi attribute to 1 item
INFO:
Executing: setattr :6 res psi 85.0
INFO:
Assigning psi attribute to 1 item
INFO:
Executing: setattr :7 res phi -140
INFO:
Assigning phi attribute to 1 item
INFO:
Executing: setattr :7 res psi -155
INFO:
Assigning psi attribute to 1 item
INFO:
Executing: setattr :8 res phi 175
INFO:
Assigning phi attribute to 1 item
INFO:
Executing: setattr :8 res psi 175
INFO:
Assigning psi attribute to 1 item
INFO:
Executing: setattr :9 res phi -100.0
INFO:
Assigning phi attribute to 1 item
INFO:
Executing: setattr :9 res psi 130.0
INFO:
Assigning psi attribute to 1 item
INFO:
Executing: setattr :10 res phi -55.0
INFO:
Assigning phi attribute to 1 item
INFO:
Executing: setattr :10 res psi -5.0
INFO:
Assigning psi attribute to 1 item
INFO:
Executing: setattr :11 res psi -5.0
INFO:
Assigning psi attribute to 1 item
INFO:
Executing: setattr :12 res phi -60
INFO:
Assigning phi attribute to 1 item
INFO:
Executing: setattr :12 res psi 135
INFO:
Assigning psi attribute to 1 item
INFO:
Executing: save /media/zita/420035510C1C3397/Research-from-2016-09-30/Scripts/DIPEND/test-results/parameters/test_parameters_1.pdb
INFO:
Executing: quit
STATUS:
Exiting ...
0.00% done: Initializing core
50.00% done: Initializing bundles
100.00% done: Finished initialization
INFO:
UCSF ChimeraX version: 1.1 (2020-09-09)
INFO:
© 2016-2020 Regents of the University of California.  All rights reserved.
INFO:
[How to cite UCSF ChimeraX](cxcmd:help help:credits.html)  

INFO:
Executing: open /media/zita/420035510C1C3397/Research-from-2016-09-30/Scripts/DIPEND/test-results/parameters/rotateProPhi.cxc
INFO:
Executing: open /media/zita/420035510C1C3397/Research-from-2016-09-30/Scripts/DIPEND/test-results/parameters/test_parameters_1.pdb
INFO:
Chain information for test_parameters_1.pdb #1  
---  
Chain | Description  
[A](cxcmd:select /A:1-12 "Select chain") | [No description
available](cxcmd:sequence chain #1/A "Show sequence")  
  

INFO:
Executing: setattr :11 res phi -60.0
INFO:
Assigning phi attribute to 1 item
0.00% done: Initializing core
50.00% done: Initializing bundles
100.00% done: Finished initialization
Traceback (most recent call last):
  File "/usr/lib/ucsf-chimerax/lib/python3.7/site-packages/chimerax/bond_rot/manager.py", line 85, in new_rotation
    moving_side = bond.smaller_side
  File "/usr/lib/ucsf-chimerax/lib/python3.7/site-packages/chimerax/atomic/molobject.py", line 218, in smaller_side
    return f(self._c_pointer)
ValueError: Bond::side() called on bond in ring or cycle

During handling of the above exception, another exception occurred:

Traceback (most recent call last):
  File "/usr/lib/ucsf-chimerax/lib/python3.7/site-packages/ChimeraX_main.py", line 755, in init
    commands.run(sess, 'open %s' % StringArg.unparse(arg))
  File "/usr/lib/ucsf-chimerax/lib/python3.7/site-packages/chimerax/core/commands/run.py", line 31, in run
    results = command.run(text, log=log)
  File "/usr/lib/ucsf-chimerax/lib/python3.7/site-packages/chimerax/core/commands/cli.py", line 2805, in run
    result = ci.function(session, **kw_args)
  File "/usr/lib/ucsf-chimerax/lib/python3.7/site-packages/chimerax/open_command/cmd.py", line 100, in cmd_open
    return Command(session, registry=registry).run(provider_cmd_text, log=log)
  File "/usr/lib/ucsf-chimerax/lib/python3.7/site-packages/chimerax/core/commands/cli.py", line 2805, in run
    result = ci.function(session, **kw_args)
  File "/usr/lib/ucsf-chimerax/lib/python3.7/site-packages/chimerax/open_command/cmd.py", line 154, in provider_open
    name or model_name_from_path(fi.file_name)), provider_kw)
  File "/usr/lib/ucsf-chimerax/lib/python3.7/site-packages/chimerax/open_command/cmd.py", line 372, in collated_open
    return func(*func_args, **func_kw)
  File "/usr/lib/ucsf-chimerax/lib/python3.7/site-packages/chimerax/core_formats/__init__.py", line 37, in open
    return open_command_script(session, data, file_name)
  File "/usr/lib/ucsf-chimerax/lib/python3.7/site-packages/chimerax/core/scripting.py", line 139, in open_command_script
    run(session, text)
  File "/usr/lib/ucsf-chimerax/lib/python3.7/site-packages/chimerax/core/commands/run.py", line 31, in run
    results = command.run(text, log=log)
  File "/usr/lib/ucsf-chimerax/lib/python3.7/site-packages/chimerax/core/commands/cli.py", line 2805, in run
    result = ci.function(session, **kw_args)
  File "/usr/lib/ucsf-chimerax/lib/python3.7/site-packages/chimerax/std_commands/setattr.py", line 104, in set_attr
    setattr(item, attr_name, value)
  File "cymol.pyx", line 1240, in chimerax.atomic.cymol.CyResidue.phi.__set__
  File "cymol.pyx", line 1612, in chimerax.atomic.cymol._set_angle
  File "/usr/lib/ucsf-chimerax/lib/python3.7/site-packages/chimerax/bond_rot/manager.py", line 87, in new_rotation
    raise BondRotationError("Bond %s is part of a ring/cycle and cannot be rotated" % bond)
chimerax.bond_rot.manager.BondRotationError: Bond /A PRO 11 N ↔ CA is part of a ring/cycle and cannot be rotated
INFO:
UCSF ChimeraX version: 1.1 (2020-09-09)
INFO:
© 2016-2020 Regents of the University of California.  All rights reserved.
INFO:
[How to cite UCSF ChimeraX](cxcmd:help help:credits.html)  

INFO:
Executing: open /media/zita/420035510C1C3397/Research-from-2016-09-30/Scripts/DIPEND/test-results/parameters/rotate.cxc
INFO:
Executing: open /media/zita/420035510C1C3397/Research-from-2016-09-30/Scripts/DIPEND/test-results/parameters/test_parameters_2.pdb
INFO:
Chain information for test_parameters_2.pdb #1  
---  
Chain | Description  
[A](cxcmd:select /A:1-12 "Select chain") | [No description
available](cxcmd:sequence chain #1/A "Show sequence")  
  

INFO:
Executing: setattr :1 res phi 100.0
INFO:
Assigning phi attribute to 1 item
INFO:
Executing: setattr :1 res psi -170.0
INFO:
Assigning psi attribute to 1 item
INFO:
Executing: setattr :2 res phi -65.0
INFO:
Assigning phi attribute to 1 item
INFO:
Executing: setattr :2 res psi 150.0
INFO:
Assigning psi attribute to 1 item
INFO:
Executing: setattr :3 res phi -120.0
INFO:
Assigning phi attribute to 1 item
INFO:
Executing: setattr :3 res psi 15.0
INFO:
Assigning psi attribute to 1 item
INFO:
Executing: setattr :4 res phi -80.0
INFO:
Assigning phi attribute to 1 item
INFO:
Executing: setattr :4 res psi 125.0
INFO:
Assigning psi attribute to 1 item
INFO:
Executing: setattr :5 res phi -90.0
INFO:
Assigning phi attribute to 1 item
INFO:
Executing: setattr :5 res psi 150.0
INFO:
Assigning psi attribute to 1 item
INFO:
Executing: setattr :6 res phi -50.0
INFO:
Assigning phi attribute to 1 item
INFO:
Executing: setattr :6 res psi -160.0
INFO:
Assigning psi attribute to 1 item
INFO:
Executing: setattr :7 res phi 110
INFO:
Assigning phi attribute to 1 item
INFO:
Executing: setattr :7 res psi -155
INFO:
Assigning psi attribute to 1 item
INFO:
Executing: setattr :8 res phi -60.0
INFO:
Assigning phi attribute to 1 item
INFO:
Executing: setattr :8 res psi -5.0
INFO:
Assigning psi attribute to 1 item
INFO:
Executing: setattr :9 res phi 85.0
INFO:
Assigning phi attribute to 1 item
INFO:
Executing: setattr :9 res psi -170.0
INFO:
Assigning psi attribute to 1 item
INFO:
Executing: setattr :10 res phi -65.0
INFO:
Assigning phi attribute to 1 item
INFO:
Executing: setattr :10 res psi 150.0
INFO:
Assigning psi attribute to 1 item
INFO:
Executing: setattr :11 res psi 0.0
INFO:
Assigning psi attribute to 1 item
INFO:
Executing: setattr :12 res phi -65
INFO:
Assigning phi attribute to 1 item
INFO:
Executing: setattr :12 res psi 150
INFO:
Assigning psi attribute to 1 item
INFO:
Executing: save /media/zita/420035510C1C3397/Research-from-2016-09-30/Scripts/DIPEND/test-results/parameters/test_parameters_2.pdb
INFO:
Executing: quit
STATUS:
Exiting ...
0.00% done: Initializing core
50.00% done: Initializing bundles
100.00% done: Finished initialization
INFO:
UCSF ChimeraX version: 1.1 (2020-09-09)
INFO:
© 2016-2020 Regents of the University of California.  All rights reserved.
INFO:
[How to cite UCSF ChimeraX](cxcmd:help help:credits.html)  

INFO:
Executing: open /media/zita/420035510C1C3397/Research-from-2016-09-30/Scripts/DIPEND/test-results/parameters/rotateProPhi.cxc
INFO:
Executing: open /media/zita/420035510C1C3397/Research-from-2016-09-30/Scripts/DIPEND/test-results/parameters/test_parameters_2.pdb
INFO:
Chain information for test_parameters_2.pdb #1  
---  
Chain | Description  
[A](cxcmd:select /A:1-12 "Select chain") | [No description
available](cxcmd:sequence chain #1/A "Show sequence")  
  

INFO:
Executing: setattr :11 res phi -50.0
INFO:
Assigning phi attribute to 1 item
0.00% done: Initializing core
50.00% done: Initializing bundles
100.00% done: Finished initialization
Traceback (most recent call last):
  File "/usr/lib/ucsf-chimerax/lib/python3.7/site-packages/chimerax/bond_rot/manager.py", line 85, in new_rotation
    moving_side = bond.smaller_side
  File "/usr/lib/ucsf-chimerax/lib/python3.7/site-packages/chimerax/atomic/molobject.py", line 218, in smaller_side
    return f(self._c_pointer)
ValueError: Bond::side() called on bond in ring or cycle

During handling of the above exception, another exception occurred:

Traceback (most recent call last):
  File "/usr/lib/ucsf-chimerax/lib/python3.7/site-packages/ChimeraX_main.py", line 755, in init
    commands.run(sess, 'open %s' % StringArg.unparse(arg))
  File "/usr/lib/ucsf-chimerax/lib/python3.7/site-packages/chimerax/core/commands/run.py", line 31, in run
    results = command.run(text, log=log)
  File "/usr/lib/ucsf-chimerax/lib/python3.7/site-packages/chimerax/core/commands/cli.py", line 2805, in run
    result = ci.function(session, **kw_args)
  File "/usr/lib/ucsf-chimerax/lib/python3.7/site-packages/chimerax/open_command/cmd.py", line 100, in cmd_open
    return Command(session, registry=registry).run(provider_cmd_text, log=log)
  File "/usr/lib/ucsf-chimerax/lib/python3.7/site-packages/chimerax/core/commands/cli.py", line 2805, in run
    result = ci.function(session, **kw_args)
  File "/usr/lib/ucsf-chimerax/lib/python3.7/site-packages/chimerax/open_command/cmd.py", line 154, in provider_open
    name or model_name_from_path(fi.file_name)), provider_kw)
  File "/usr/lib/ucsf-chimerax/lib/python3.7/site-packages/chimerax/open_command/cmd.py", line 372, in collated_open
    return func(*func_args, **func_kw)
  File "/usr/lib/ucsf-chimerax/lib/python3.7/site-packages/chimerax/core_formats/__init__.py", line 37, in open
    return open_command_script(session, data, file_name)
  File "/usr/lib/ucsf-chimerax/lib/python3.7/site-packages/chimerax/core/scripting.py", line 139, in open_command_script
    run(session, text)
  File "/usr/lib/ucsf-chimerax/lib/python3.7/site-packages/chimerax/core/commands/run.py", line 31, in run
    results = command.run(text, log=log)
  File "/usr/lib/ucsf-chimerax/lib/python3.7/site-packages/chimerax/core/commands/cli.py", line 2805, in run
    result = ci.function(session, **kw_args)
  File "/usr/lib/ucsf-chimerax/lib/python3.7/site-packages/chimerax/std_commands/setattr.py", line 104, in set_attr
    setattr(item, attr_name, value)
  File "cymol.pyx", line 1240, in chimerax.atomic.cymol.CyResidue.phi.__set__
  File "cymol.pyx", line 1612, in chimerax.atomic.cymol._set_angle
  File "/usr/lib/ucsf-chimerax/lib/python3.7/site-packages/chimerax/bond_rot/manager.py", line 87, in new_rotation
    raise BondRotationError("Bond %s is part of a ring/cycle and cannot be rotated" % bond)
chimerax.bond_rot.manager.BondRotationError: Bond /A PRO 11 N ↔ CA is part of a ring/cycle and cannot be rotated
INFO:
UCSF ChimeraX version: 1.1 (2020-09-09)
INFO:
© 2016-2020 Regents of the University of California.  All rights reserved.
INFO:
[How to cite UCSF ChimeraX](cxcmd:help help:credits.html)  

INFO:
Executing: open /media/zita/420035510C1C3397/Research-from-2016-09-30/Scripts/DIPEND/test-results/parameters/rotate.cxc
INFO:
Executing: open /media/zita/420035510C1C3397/Research-from-2016-09-30/Scripts/DIPEND/test-results/parameters/test_parameters_1.pdb
INFO:
Chain information for test_parameters_1.pdb #1  
---  
Chain | Description  
[A](cxcmd:select /A:1-12 "Select chain") | [No description
available](cxcmd:sequence chain #1/A "Show sequence")  
  

INFO:
Executing: setattr :1 res phi -125.0
INFO:
Assigning phi attribute to 1 item
INFO:
Executing: setattr :1 res psi 175.0
INFO:
Assigning psi attribute to 1 item
INFO:
Executing: setattr :2 res phi -50.0
INFO:
Assigning phi attribute to 1 item
INFO:
Executing: setattr :2 res psi 160.0
INFO:
Assigning psi attribute to 1 item
INFO:
Executing: setattr :3 res phi -145.0
INFO:
Assigning phi attribute to 1 item
INFO:
Executing: setattr :3 res psi 160.0
INFO:
Assigning psi attribute to 1 item
INFO:
Executing: setattr :4 res phi -60.0
INFO:
Assigning phi attribute to 1 item
INFO:
Executing: setattr :4 res psi 125.0
INFO:
Assigning psi attribute to 1 item
INFO:
Executing: setattr :5 res phi -60.0
INFO:
Assigning phi attribute to 1 item
INFO:
Executing: setattr :5 res psi 165.0
INFO:
Assigning psi attribute to 1 item
INFO:
Executing: setattr :6 res phi 10.0
INFO:
Assigning phi attribute to 1 item
INFO:
Executing: setattr :6 res psi 35.0
INFO:
Assigning psi attribute to 1 item
INFO:
Executing: setattr :7 res phi -85
INFO:
Assigning phi attribute to 1 item
INFO:
Executing: setattr :7 res psi 160
INFO:
Assigning psi attribute to 1 item
INFO:
Executing: setattr :8 res phi -155.0
INFO:
Assigning phi attribute to 1 item
INFO:
Executing: setattr :8 res psi 170.0
INFO:
Assigning psi attribute to 1 item
INFO:
Executing: setattr :9 res phi 100.0
INFO:
Assigning phi attribute to 1 item
INFO:
Executing: setattr :9 res psi -15.0
INFO:
Assigning psi attribute to 1 item
INFO:
Executing: setattr :10 res phi 175
INFO:
Assigning phi attribute to 1 item
INFO:
Executing: setattr :10 res psi 175
INFO:
Assigning psi attribute to 1 item
INFO:
Executing: setattr :11 res psi 0.0
INFO:
Assigning psi attribute to 1 item
INFO:
Executing: setattr :12 res phi -65
INFO:
Assigning phi attribute to 1 item
INFO:
Executing: setattr :12 res psi 165
INFO:
Assigning psi attribute to 1 item
INFO:
Executing: save /media/zita/420035510C1C3397/Research-from-2016-09-30/Scripts/DIPEND/test-results/parameters/test_parameters_1.pdb
INFO:
Executing: quit
STATUS:
Exiting ...
0.00% done: Initializing core
50.00% done: Initializing bundles
100.00% done: Finished initialization
INFO:
UCSF ChimeraX version: 1.1 (2020-09-09)
INFO:
© 2016-2020 Regents of the University of California.  All rights reserved.
INFO:
[How to cite UCSF ChimeraX](cxcmd:help help:credits.html)  

INFO:
Executing: open /media/zita/420035510C1C3397/Research-from-2016-09-30/Scripts/DIPEND/test-results/parameters/rotateProPhi.cxc
INFO:
Executing: open /media/zita/420035510C1C3397/Research-from-2016-09-30/Scripts/DIPEND/test-results/parameters/test_parameters_1.pdb
INFO:
Chain information for test_parameters_1.pdb #1  
---  
Chain | Description  
[A](cxcmd:select /A:1-12 "Select chain") | [No description
available](cxcmd:sequence chain #1/A "Show sequence")  
  

INFO:
Executing: setattr :11 res phi -55.0
INFO:
Assigning phi attribute to 1 item
0.00% done: Initializing core
50.00% done: Initializing bundles
100.00% done: Finished initialization
Traceback (most recent call last):
  File "/usr/lib/ucsf-chimerax/lib/python3.7/site-packages/chimerax/bond_rot/manager.py", line 85, in new_rotation
    moving_side = bond.smaller_side
  File "/usr/lib/ucsf-chimerax/lib/python3.7/site-packages/chimerax/atomic/molobject.py", line 218, in smaller_side
    return f(self._c_pointer)
ValueError: Bond::side() called on bond in ring or cycle

During handling of the above exception, another exception occurred:

Traceback (most recent call last):
  File "/usr/lib/ucsf-chimerax/lib/python3.7/site-packages/ChimeraX_main.py", line 755, in init
    commands.run(sess, 'open %s' % StringArg.unparse(arg))
  File "/usr/lib/ucsf-chimerax/lib/python3.7/site-packages/chimerax/core/commands/run.py", line 31, in run
    results = command.run(text, log=log)
  File "/usr/lib/ucsf-chimerax/lib/python3.7/site-packages/chimerax/core/commands/cli.py", line 2805, in run
    result = ci.function(session, **kw_args)
  File "/usr/lib/ucsf-chimerax/lib/python3.7/site-packages/chimerax/open_command/cmd.py", line 100, in cmd_open
    return Command(session, registry=registry).run(provider_cmd_text, log=log)
  File "/usr/lib/ucsf-chimerax/lib/python3.7/site-packages/chimerax/core/commands/cli.py", line 2805, in run
    result = ci.function(session, **kw_args)
  File "/usr/lib/ucsf-chimerax/lib/python3.7/site-packages/chimerax/open_command/cmd.py", line 154, in provider_open
    name or model_name_from_path(fi.file_name)), provider_kw)
  File "/usr/lib/ucsf-chimerax/lib/python3.7/site-packages/chimerax/open_command/cmd.py", line 372, in collated_open
    return func(*func_args, **func_kw)
  File "/usr/lib/ucsf-chimerax/lib/python3.7/site-packages/chimerax/core_formats/__init__.py", line 37, in open
    return open_command_script(session, data, file_name)
  File "/usr/lib/ucsf-chimerax/lib/python3.7/site-packages/chimerax/core/scripting.py", line 139, in open_command_script
    run(session, text)
  File "/usr/lib/ucsf-chimerax/lib/python3.7/site-packages/chimerax/core/commands/run.py", line 31, in run
    results = command.run(text, log=log)
  File "/usr/lib/ucsf-chimerax/lib/python3.7/site-packages/chimerax/core/commands/cli.py", line 2805, in run
    result = ci.function(session, **kw_args)
  File "/usr/lib/ucsf-chimerax/lib/python3.7/site-packages/chimerax/std_commands/setattr.py", line 104, in set_attr
    setattr(item, attr_name, value)
  File "cymol.pyx", line 1240, in chimerax.atomic.cymol.CyResidue.phi.__set__
  File "cymol.pyx", line 1612, in chimerax.atomic.cymol._set_angle
  File "/usr/lib/ucsf-chimerax/lib/python3.7/site-packages/chimerax/bond_rot/manager.py", line 87, in new_rotation
    raise BondRotationError("Bond %s is part of a ring/cycle and cannot be rotated" % bond)
chimerax.bond_rot.manager.BondRotationError: Bond /A PRO 11 N ↔ CA is part of a ring/cycle and cannot be rotated
INFO:
UCSF ChimeraX version: 1.1 (2020-09-09)
INFO:
© 2016-2020 Regents of the University of California.  All rights reserved.
INFO:
[How to cite UCSF ChimeraX](cxcmd:help help:credits.html)  

INFO:
Executing: open /media/zita/420035510C1C3397/Research-from-2016-09-30/Scripts/DIPEND/test-results/parameters/rotate.cxc
INFO:
Executing: open /media/zita/420035510C1C3397/Research-from-2016-09-30/Scripts/DIPEND/test-results/parameters/test_parameters_2.pdb
INFO:
Chain information for test_parameters_2.pdb #1  
---  
Chain | Description  
[A](cxcmd:select /A:1-12 "Select chain") | [No description
available](cxcmd:sequence chain #1/A "Show sequence")  
  

INFO:
Executing: setattr :1 res phi -90.0
INFO:
Assigning phi attribute to 1 item
INFO:
Executing: setattr :1 res psi -170.0
INFO:
Assigning psi attribute to 1 item
INFO:
Executing: setattr :2 res phi -95.0
INFO:
Assigning phi attribute to 1 item
INFO:
Executing: setattr :2 res psi 70.0
INFO:
Assigning psi attribute to 1 item
INFO:
Executing: setattr :3 res phi -65.0
INFO:
Assigning phi attribute to 1 item
INFO:
Executing: setattr :3 res psi 55.0
INFO:
Assigning psi attribute to 1 item
INFO:
Executing: setattr :4 res phi -75.0
INFO:
Assigning phi attribute to 1 item
INFO:
Executing: setattr :4 res psi 145.0
INFO:
Assigning psi attribute to 1 item
INFO:
Executing: setattr :5 res phi -75.0
INFO:
Assigning phi attribute to 1 item
INFO:
Executing: setattr :5 res psi 50.0
INFO:
Assigning psi attribute to 1 item
INFO:
Executing: setattr :6 res phi 95.0
INFO:
Assigning phi attribute to 1 item
INFO:
Executing: setattr :6 res psi 170.0
INFO:
Assigning psi attribute to 1 item
INFO:
Executing: setattr :7 res phi 95
INFO:
Assigning phi attribute to 1 item
INFO:
Executing: setattr :7 res psi 160
INFO:
Assigning psi attribute to 1 item
INFO:
Executing: setattr :8 res phi 175
INFO:
Assigning phi attribute to 1 item
INFO:
Executing: setattr :8 res psi 175
INFO:
Assigning psi attribute to 1 item
INFO:
Executing: setattr :9 res phi 175
INFO:
Assigning phi attribute to 1 item
INFO:
Executing: setattr :9 res psi 175
INFO:
Assigning psi attribute to 1 item
INFO:
Executing: setattr :10 res phi 175
INFO:
Assigning phi attribute to 1 item
INFO:
Executing: setattr :10 res psi 175
INFO:
Assigning psi attribute to 1 item
INFO:
Executing: setattr :11 res psi 140.0
INFO:
Assigning psi attribute to 1 item
INFO:
Executing: setattr :12 res phi -80
INFO:
Assigning phi attribute to 1 item
INFO:
Executing: setattr :12 res psi 165
INFO:
Assigning psi attribute to 1 item
INFO:
Executing: save /media/zita/420035510C1C3397/Research-from-2016-09-30/Scripts/DIPEND/test-results/parameters/test_parameters_2.pdb
INFO:
Executing: quit
STATUS:
Exiting ...
0.00% done: Initializing core
50.00% done: Initializing bundles
100.00% done: Finished initialization
INFO:
UCSF ChimeraX version: 1.1 (2020-09-09)
INFO:
© 2016-2020 Regents of the University of California.  All rights reserved.
INFO:
[How to cite UCSF ChimeraX](cxcmd:help help:credits.html)  

INFO:
Executing: open /media/zita/420035510C1C3397/Research-from-2016-09-30/Scripts/DIPEND/test-results/parameters/rotateProPhi.cxc
INFO:
Executing: open /media/zita/420035510C1C3397/Research-from-2016-09-30/Scripts/DIPEND/test-results/parameters/test_parameters_2.pdb
INFO:
Chain information for test_parameters_2.pdb #1  
---  
Chain | Description  
[A](cxcmd:select /A:1-12 "Select chain") | [No description
available](cxcmd:sequence chain #1/A "Show sequence")  
  

INFO:
Executing: setattr :11 res phi -60.0
INFO:
Assigning phi attribute to 1 item
0.00% done: Initializing core
50.00% done: Initializing bundles
100.00% done: Finished initialization
Traceback (most recent call last):
  File "/usr/lib/ucsf-chimerax/lib/python3.7/site-packages/chimerax/bond_rot/manager.py", line 85, in new_rotation
    moving_side = bond.smaller_side
  File "/usr/lib/ucsf-chimerax/lib/python3.7/site-packages/chimerax/atomic/molobject.py", line 218, in smaller_side
    return f(self._c_pointer)
ValueError: Bond::side() called on bond in ring or cycle

During handling of the above exception, another exception occurred:

Traceback (most recent call last):
  File "/usr/lib/ucsf-chimerax/lib/python3.7/site-packages/ChimeraX_main.py", line 755, in init
    commands.run(sess, 'open %s' % StringArg.unparse(arg))
  File "/usr/lib/ucsf-chimerax/lib/python3.7/site-packages/chimerax/core/commands/run.py", line 31, in run
    results = command.run(text, log=log)
  File "/usr/lib/ucsf-chimerax/lib/python3.7/site-packages/chimerax/core/commands/cli.py", line 2805, in run
    result = ci.function(session, **kw_args)
  File "/usr/lib/ucsf-chimerax/lib/python3.7/site-packages/chimerax/open_command/cmd.py", line 100, in cmd_open
    return Command(session, registry=registry).run(provider_cmd_text, log=log)
  File "/usr/lib/ucsf-chimerax/lib/python3.7/site-packages/chimerax/core/commands/cli.py", line 2805, in run
    result = ci.function(session, **kw_args)
  File "/usr/lib/ucsf-chimerax/lib/python3.7/site-packages/chimerax/open_command/cmd.py", line 154, in provider_open
    name or model_name_from_path(fi.file_name)), provider_kw)
  File "/usr/lib/ucsf-chimerax/lib/python3.7/site-packages/chimerax/open_command/cmd.py", line 372, in collated_open
    return func(*func_args, **func_kw)
  File "/usr/lib/ucsf-chimerax/lib/python3.7/site-packages/chimerax/core_formats/__init__.py", line 37, in open
    return open_command_script(session, data, file_name)
  File "/usr/lib/ucsf-chimerax/lib/python3.7/site-packages/chimerax/core/scripting.py", line 139, in open_command_script
    run(session, text)
  File "/usr/lib/ucsf-chimerax/lib/python3.7/site-packages/chimerax/core/commands/run.py", line 31, in run
    results = command.run(text, log=log)
  File "/usr/lib/ucsf-chimerax/lib/python3.7/site-packages/chimerax/core/commands/cli.py", line 2805, in run
    result = ci.function(session, **kw_args)
  File "/usr/lib/ucsf-chimerax/lib/python3.7/site-packages/chimerax/std_commands/setattr.py", line 104, in set_attr
    setattr(item, attr_name, value)
  File "cymol.pyx", line 1240, in chimerax.atomic.cymol.CyResidue.phi.__set__
  File "cymol.pyx", line 1612, in chimerax.atomic.cymol._set_angle
  File "/usr/lib/ucsf-chimerax/lib/python3.7/site-packages/chimerax/bond_rot/manager.py", line 87, in new_rotation
    raise BondRotationError("Bond %s is part of a ring/cycle and cannot be rotated" % bond)
chimerax.bond_rot.manager.BondRotationError: Bond /A PRO 11 N ↔ CA is part of a ring/cycle and cannot be rotated
INFO:
UCSF ChimeraX version: 1.1 (2020-09-09)
INFO:
© 2016-2020 Regents of the University of California.  All rights reserved.
INFO:
[How to cite UCSF ChimeraX](cxcmd:help help:credits.html)  

INFO:
Executing: open /media/zita/420035510C1C3397/Research-from-2016-09-30/Scripts/DIPEND/test-results/parameters/rotate.cxc
INFO:
Executing: open /media/zita/420035510C1C3397/Research-from-2016-09-30/Scripts/DIPEND/test-results/parameters/test_parameters_1.pdb
INFO:
Chain information for test_parameters_1.pdb #1  
---  
Chain | Description  
[A](cxcmd:select /A:1-12 "Select chain") | [No description
available](cxcmd:sequence chain #1/A "Show sequence")  
  

INFO:
Executing: setattr :1 res phi -80.0
INFO:
Assigning phi attribute to 1 item
INFO:
Executing: setattr :1 res psi 175.0
INFO:
Assigning psi attribute to 1 item
INFO:
Executing: setattr :2 res phi -65.0
INFO:
Assigning phi attribute to 1 item
INFO:
Executing: setattr :2 res psi 160.0
INFO:
Assigning psi attribute to 1 item
INFO:
Executing: setattr :3 res phi -70.0
INFO:
Assigning phi attribute to 1 item
INFO:
Executing: setattr :3 res psi 40.0
INFO:
Assigning psi attribute to 1 item
INFO:
Executing: setattr :4 res phi -130.0
INFO:
Assigning phi attribute to 1 item
INFO:
Executing: setattr :4 res psi 145.0
INFO:
Assigning psi attribute to 1 item
INFO:
Executing: setattr :5 res phi -100.0
INFO:
Assigning phi attribute to 1 item
INFO:
Executing: setattr :5 res psi -175.0
INFO:
Assigning psi attribute to 1 item
INFO:
Executing: setattr :6 res phi -70.0
INFO:
Assigning phi attribute to 1 item
INFO:
Executing: setattr :6 res psi 150.0
INFO:
Assigning psi attribute to 1 item
INFO:
Executing: setattr :7 res phi 175
INFO:
Assigning phi attribute to 1 item
INFO:
Executing: setattr :7 res psi 135
INFO:
Assigning psi attribute to 1 item
INFO:
Executing: setattr :8 res phi 175
INFO:
Assigning phi attribute to 1 item
INFO:
Executing: setattr :8 res psi 175
INFO:
Assigning psi attribute to 1 item
INFO:
Executing: setattr :9 res phi -65.0
INFO:
Assigning phi attribute to 1 item
INFO:
Executing: setattr :9 res psi 170.0
INFO:
Assigning psi attribute to 1 item
INFO:
Executing: setattr :10 res phi -150.0
INFO:
Assigning phi attribute to 1 item
INFO:
Executing: setattr :10 res psi 160.0
INFO:
Assigning psi attribute to 1 item
INFO:
Executing: setattr :11 res psi 155.0
INFO:
Assigning psi attribute to 1 item
INFO:
Executing: setattr :12 res phi -60
INFO:
Assigning phi attribute to 1 item
INFO:
Executing: setattr :12 res psi 155
INFO:
Assigning psi attribute to 1 item
INFO:
Executing: save /media/zita/420035510C1C3397/Research-from-2016-09-30/Scripts/DIPEND/test-results/parameters/test_parameters_1.pdb
INFO:
Executing: quit
STATUS:
Exiting ...
0.00% done: Initializing core
50.00% done: Initializing bundles
100.00% done: Finished initialization
INFO:
UCSF ChimeraX version: 1.1 (2020-09-09)
INFO:
© 2016-2020 Regents of the University of California.  All rights reserved.
INFO:
[How to cite UCSF ChimeraX](cxcmd:help help:credits.html)  

INFO:
Executing: open /media/zita/420035510C1C3397/Research-from-2016-09-30/Scripts/DIPEND/test-results/parameters/rotateProPhi.cxc
INFO:
Executing: open /media/zita/420035510C1C3397/Research-from-2016-09-30/Scripts/DIPEND/test-results/parameters/test_parameters_1.pdb
INFO:
Chain information for test_parameters_1.pdb #1  
---  
Chain | Description  
[A](cxcmd:select /A:1-12 "Select chain") | [No description
available](cxcmd:sequence chain #1/A "Show sequence")  
  

INFO:
Executing: setattr :11 res phi -60.0
INFO:
Assigning phi attribute to 1 item
0.00% done: Initializing core
50.00% done: Initializing bundles
100.00% done: Finished initialization
Traceback (most recent call last):
  File "/usr/lib/ucsf-chimerax/lib/python3.7/site-packages/chimerax/bond_rot/manager.py", line 85, in new_rotation
    moving_side = bond.smaller_side
  File "/usr/lib/ucsf-chimerax/lib/python3.7/site-packages/chimerax/atomic/molobject.py", line 218, in smaller_side
    return f(self._c_pointer)
ValueError: Bond::side() called on bond in ring or cycle

During handling of the above exception, another exception occurred:

Traceback (most recent call last):
  File "/usr/lib/ucsf-chimerax/lib/python3.7/site-packages/ChimeraX_main.py", line 755, in init
    commands.run(sess, 'open %s' % StringArg.unparse(arg))
  File "/usr/lib/ucsf-chimerax/lib/python3.7/site-packages/chimerax/core/commands/run.py", line 31, in run
    results = command.run(text, log=log)
  File "/usr/lib/ucsf-chimerax/lib/python3.7/site-packages/chimerax/core/commands/cli.py", line 2805, in run
    result = ci.function(session, **kw_args)
  File "/usr/lib/ucsf-chimerax/lib/python3.7/site-packages/chimerax/open_command/cmd.py", line 100, in cmd_open
    return Command(session, registry=registry).run(provider_cmd_text, log=log)
  File "/usr/lib/ucsf-chimerax/lib/python3.7/site-packages/chimerax/core/commands/cli.py", line 2805, in run
    result = ci.function(session, **kw_args)
  File "/usr/lib/ucsf-chimerax/lib/python3.7/site-packages/chimerax/open_command/cmd.py", line 154, in provider_open
    name or model_name_from_path(fi.file_name)), provider_kw)
  File "/usr/lib/ucsf-chimerax/lib/python3.7/site-packages/chimerax/open_command/cmd.py", line 372, in collated_open
    return func(*func_args, **func_kw)
  File "/usr/lib/ucsf-chimerax/lib/python3.7/site-packages/chimerax/core_formats/__init__.py", line 37, in open
    return open_command_script(session, data, file_name)
  File "/usr/lib/ucsf-chimerax/lib/python3.7/site-packages/chimerax/core/scripting.py", line 139, in open_command_script
    run(session, text)
  File "/usr/lib/ucsf-chimerax/lib/python3.7/site-packages/chimerax/core/commands/run.py", line 31, in run
    results = command.run(text, log=log)
  File "/usr/lib/ucsf-chimerax/lib/python3.7/site-packages/chimerax/core/commands/cli.py", line 2805, in run
    result = ci.function(session, **kw_args)
  File "/usr/lib/ucsf-chimerax/lib/python3.7/site-packages/chimerax/std_commands/setattr.py", line 104, in set_attr
    setattr(item, attr_name, value)
  File "cymol.pyx", line 1240, in chimerax.atomic.cymol.CyResidue.phi.__set__
  File "cymol.pyx", line 1612, in chimerax.atomic.cymol._set_angle
  File "/usr/lib/ucsf-chimerax/lib/python3.7/site-packages/chimerax/bond_rot/manager.py", line 87, in new_rotation
    raise BondRotationError("Bond %s is part of a ring/cycle and cannot be rotated" % bond)
chimerax.bond_rot.manager.BondRotationError: Bond /A PRO 11 N ↔ CA is part of a ring/cycle and cannot be rotated
INFO:
UCSF ChimeraX version: 1.1 (2020-09-09)
INFO:
© 2016-2020 Regents of the University of California.  All rights reserved.
INFO:
[How to cite UCSF ChimeraX](cxcmd:help help:credits.html)  

INFO:
Executing: open /media/zita/420035510C1C3397/Research-from-2016-09-30/Scripts/DIPEND/test-results/parameters/rotate.cxc
INFO:
Executing: open /media/zita/420035510C1C3397/Research-from-2016-09-30/Scripts/DIPEND/test-results/parameters/test_parameters_2.pdb
INFO:
Chain information for test_parameters_2.pdb #1  
---  
Chain | Description  
[A](cxcmd:select /A:1-12 "Select chain") | [No description
available](cxcmd:sequence chain #1/A "Show sequence")  
  

INFO:
Executing: setattr :1 res phi -150.0
INFO:
Assigning phi attribute to 1 item
INFO:
Executing: setattr :1 res psi -105.0
INFO:
Assigning psi attribute to 1 item
INFO:
Executing: setattr :2 res phi -55.0
INFO:
Assigning phi attribute to 1 item
INFO:
Executing: setattr :2 res psi 120.0
INFO:
Assigning psi attribute to 1 item
INFO:
Executing: setattr :3 res phi -60.0
INFO:
Assigning phi attribute to 1 item
INFO:
Executing: setattr :3 res psi 145.0
INFO:
Assigning psi attribute to 1 item
INFO:
Executing: setattr :4 res phi -85.0
INFO:
Assigning phi attribute to 1 item
INFO:
Executing: setattr :4 res psi 115.0
INFO:
Assigning psi attribute to 1 item
INFO:
Executing: setattr :5 res phi -60.0
INFO:
Assigning phi attribute to 1 item
INFO:
Executing: setattr :5 res psi 30.0
INFO:
Assigning psi attribute to 1 item
INFO:
Executing: setattr :6 res phi -95.0
INFO:
Assigning phi attribute to 1 item
INFO:
Executing: setattr :6 res psi -90.0
INFO:
Assigning psi attribute to 1 item
INFO:
Executing: setattr :7 res phi -110
INFO:
Assigning phi attribute to 1 item
INFO:
Executing: setattr :7 res psi -175
INFO:
Assigning psi attribute to 1 item
INFO:
Executing: setattr :8 res phi -60.0
INFO:
Assigning phi attribute to 1 item
INFO:
Executing: setattr :8 res psi 0.0
INFO:
Assigning psi attribute to 1 item
INFO:
Executing: setattr :9 res phi 175
INFO:
Assigning phi attribute to 1 item
INFO:
Executing: setattr :9 res psi 175
INFO:
Assigning psi attribute to 1 item
INFO:
Executing: setattr :10 res phi 175
INFO:
Assigning phi attribute to 1 item
INFO:
Executing: setattr :10 res psi 175
INFO:
Assigning psi attribute to 1 item
INFO:
Executing: setattr :11 res psi 0.0
INFO:
Assigning psi attribute to 1 item
INFO:
Executing: setattr :12 res phi -60
INFO:
Assigning phi attribute to 1 item
INFO:
Executing: setattr :12 res psi 145
INFO:
Assigning psi attribute to 1 item
INFO:
Executing: save /media/zita/420035510C1C3397/Research-from-2016-09-30/Scripts/DIPEND/test-results/parameters/test_parameters_2.pdb
INFO:
Executing: quit
STATUS:
Exiting ...
0.00% done: Initializing core
50.00% done: Initializing bundles
100.00% done: Finished initialization
INFO:
UCSF ChimeraX version: 1.1 (2020-09-09)
INFO:
© 2016-2020 Regents of the University of California.  All rights reserved.
INFO:
[How to cite UCSF ChimeraX](cxcmd:help help:credits.html)  

INFO:
Executing: open /media/zita/420035510C1C3397/Research-from-2016-09-30/Scripts/DIPEND/test-results/parameters/rotateProPhi.cxc
INFO:
Executing: open /media/zita/420035510C1C3397/Research-from-2016-09-30/Scripts/DIPEND/test-results/parameters/test_parameters_2.pdb
INFO:
Chain information for test_parameters_2.pdb #1  
---  
Chain | Description  
[A](cxcmd:select /A:1-12 "Select chain") | [No description
available](cxcmd:sequence chain #1/A "Show sequence")  
  

INFO:
Executing: setattr :11 res phi -55.0
INFO:
Assigning phi attribute to 1 item
0.00% done: Initializing core
50.00% done: Initializing bundles
100.00% done: Finished initialization
Traceback (most recent call last):
  File "/usr/lib/ucsf-chimerax/lib/python3.7/site-packages/chimerax/bond_rot/manager.py", line 85, in new_rotation
    moving_side = bond.smaller_side
  File "/usr/lib/ucsf-chimerax/lib/python3.7/site-packages/chimerax/atomic/molobject.py", line 218, in smaller_side
    return f(self._c_pointer)
ValueError: Bond::side() called on bond in ring or cycle

During handling of the above exception, another exception occurred:

Traceback (most recent call last):
  File "/usr/lib/ucsf-chimerax/lib/python3.7/site-packages/ChimeraX_main.py", line 755, in init
    commands.run(sess, 'open %s' % StringArg.unparse(arg))
  File "/usr/lib/ucsf-chimerax/lib/python3.7/site-packages/chimerax/core/commands/run.py", line 31, in run
    results = command.run(text, log=log)
  File "/usr/lib/ucsf-chimerax/lib/python3.7/site-packages/chimerax/core/commands/cli.py", line 2805, in run
    result = ci.function(session, **kw_args)
  File "/usr/lib/ucsf-chimerax/lib/python3.7/site-packages/chimerax/open_command/cmd.py", line 100, in cmd_open
    return Command(session, registry=registry).run(provider_cmd_text, log=log)
  File "/usr/lib/ucsf-chimerax/lib/python3.7/site-packages/chimerax/core/commands/cli.py", line 2805, in run
    result = ci.function(session, **kw_args)
  File "/usr/lib/ucsf-chimerax/lib/python3.7/site-packages/chimerax/open_command/cmd.py", line 154, in provider_open
    name or model_name_from_path(fi.file_name)), provider_kw)
  File "/usr/lib/ucsf-chimerax/lib/python3.7/site-packages/chimerax/open_command/cmd.py", line 372, in collated_open
    return func(*func_args, **func_kw)
  File "/usr/lib/ucsf-chimerax/lib/python3.7/site-packages/chimerax/core_formats/__init__.py", line 37, in open
    return open_command_script(session, data, file_name)
  File "/usr/lib/ucsf-chimerax/lib/python3.7/site-packages/chimerax/core/scripting.py", line 139, in open_command_script
    run(session, text)
  File "/usr/lib/ucsf-chimerax/lib/python3.7/site-packages/chimerax/core/commands/run.py", line 31, in run
    results = command.run(text, log=log)
  File "/usr/lib/ucsf-chimerax/lib/python3.7/site-packages/chimerax/core/commands/cli.py", line 2805, in run
    result = ci.function(session, **kw_args)
  File "/usr/lib/ucsf-chimerax/lib/python3.7/site-packages/chimerax/std_commands/setattr.py", line 104, in set_attr
    setattr(item, attr_name, value)
  File "cymol.pyx", line 1240, in chimerax.atomic.cymol.CyResidue.phi.__set__
  File "cymol.pyx", line 1612, in chimerax.atomic.cymol._set_angle
  File "/usr/lib/ucsf-chimerax/lib/python3.7/site-packages/chimerax/bond_rot/manager.py", line 87, in new_rotation
    raise BondRotationError("Bond %s is part of a ring/cycle and cannot be rotated" % bond)
chimerax.bond_rot.manager.BondRotationError: Bond /A PRO 11 N ↔ CA is part of a ring/cycle and cannot be rotated
INFO:
UCSF ChimeraX version: 1.1 (2020-09-09)
INFO:
© 2016-2020 Regents of the University of California.  All rights reserved.
INFO:
[How to cite UCSF ChimeraX](cxcmd:help help:credits.html)  

INFO:
Executing: open /media/zita/420035510C1C3397/Research-from-2016-09-30/Scripts/DIPEND/test-results/parameters/rotate.cxc
INFO:
Executing: open /media/zita/420035510C1C3397/Research-from-2016-09-30/Scripts/DIPEND/test-results/parameters/test_parameters_1.pdb
INFO:
Chain information for test_parameters_1.pdb #1  
---  
Chain | Description  
[A](cxcmd:select /A:1-12 "Select chain") | [No description
available](cxcmd:sequence chain #1/A "Show sequence")  
  

INFO:
Executing: setattr :1 res phi -80.0
INFO:
Assigning phi attribute to 1 item
INFO:
Executing: setattr :1 res psi -175.0
INFO:
Assigning psi attribute to 1 item
INFO:
Executing: setattr :2 res phi -65.0
INFO:
Assigning phi attribute to 1 item
INFO:
Executing: setattr :2 res psi 55.0
INFO:
Assigning psi attribute to 1 item
INFO:
Executing: setattr :3 res phi -150.0
INFO:
Assigning phi attribute to 1 item
INFO:
Executing: setattr :3 res psi 145.0
INFO:
Assigning psi attribute to 1 item
INFO:
Executing: setattr :4 res phi -80.0
INFO:
Assigning phi attribute to 1 item
INFO:
Executing: setattr :4 res psi 150.0
INFO:
Assigning psi attribute to 1 item
INFO:
Executing: setattr :5 res phi 85.0
INFO:
Assigning phi attribute to 1 item
INFO:
Executing: setattr :5 res psi 15.0
INFO:
Assigning psi attribute to 1 item
INFO:
Executing: setattr :6 res phi -75.0
INFO:
Assigning phi attribute to 1 item
INFO:
Executing: setattr :6 res psi 95.0
INFO:
Assigning psi attribute to 1 item
INFO:
Executing: setattr :7 res phi 55
INFO:
Assigning phi attribute to 1 item
INFO:
Executing: setattr :7 res psi -160
INFO:
Assigning psi attribute to 1 item
INFO:
Executing: setattr :8 res phi 175
INFO:
Assigning phi attribute to 1 item
INFO:
Executing: setattr :8 res psi 175
INFO:
Assigning psi attribute to 1 item
INFO:
Executing: setattr :9 res phi 75.0
INFO:
Assigning phi attribute to 1 item
INFO:
Executing: setattr :9 res psi -165.0
INFO:
Assigning psi attribute to 1 item
INFO:
Executing: setattr :10 res phi -55.0
INFO:
Assigning phi attribute to 1 item
INFO:
Executing: setattr :10 res psi 5.0
INFO:
Assigning psi attribute to 1 item
INFO:
Executing: setattr :11 res psi 175
INFO:
Assigning psi attribute to 1 item
INFO:
Executing: setattr :12 res phi -75
INFO:
Assigning phi attribute to 1 item
INFO:
Executing: setattr :12 res psi 160
INFO:
Assigning psi attribute to 1 item
INFO:
Executing: save /media/zita/420035510C1C3397/Research-from-2016-09-30/Scripts/DIPEND/test-results/parameters/test_parameters_1.pdb
INFO:
Executing: quit
STATUS:
Exiting ...
0.00% done: Initializing core
50.00% done: Initializing bundles
100.00% done: Finished initialization
INFO:
UCSF ChimeraX version: 1.1 (2020-09-09)
INFO:
© 2016-2020 Regents of the University of California.  All rights reserved.
INFO:
[How to cite UCSF ChimeraX](cxcmd:help help:credits.html)  

INFO:
Executing: open /media/zita/420035510C1C3397/Research-from-2016-09-30/Scripts/DIPEND/test-results/parameters/rotateProPhi.cxc
INFO:
Executing: open /media/zita/420035510C1C3397/Research-from-2016-09-30/Scripts/DIPEND/test-results/parameters/test_parameters_1.pdb
INFO:
Chain information for test_parameters_1.pdb #1  
---  
Chain | Description  
[A](cxcmd:select /A:1-12 "Select chain") | [No description
available](cxcmd:sequence chain #1/A "Show sequence")  
  

INFO:
Executing: setattr :11 res phi 175
INFO:
Assigning phi attribute to 1 item
0.00% done: Initializing core
50.00% done: Initializing bundles
100.00% done: Finished initialization
Traceback (most recent call last):
  File "/usr/lib/ucsf-chimerax/lib/python3.7/site-packages/chimerax/bond_rot/manager.py", line 85, in new_rotation
    moving_side = bond.smaller_side
  File "/usr/lib/ucsf-chimerax/lib/python3.7/site-packages/chimerax/atomic/molobject.py", line 218, in smaller_side
    return f(self._c_pointer)
ValueError: Bond::side() called on bond in ring or cycle

During handling of the above exception, another exception occurred:

Traceback (most recent call last):
  File "/usr/lib/ucsf-chimerax/lib/python3.7/site-packages/ChimeraX_main.py", line 755, in init
    commands.run(sess, 'open %s' % StringArg.unparse(arg))
  File "/usr/lib/ucsf-chimerax/lib/python3.7/site-packages/chimerax/core/commands/run.py", line 31, in run
    results = command.run(text, log=log)
  File "/usr/lib/ucsf-chimerax/lib/python3.7/site-packages/chimerax/core/commands/cli.py", line 2805, in run
    result = ci.function(session, **kw_args)
  File "/usr/lib/ucsf-chimerax/lib/python3.7/site-packages/chimerax/open_command/cmd.py", line 100, in cmd_open
    return Command(session, registry=registry).run(provider_cmd_text, log=log)
  File "/usr/lib/ucsf-chimerax/lib/python3.7/site-packages/chimerax/core/commands/cli.py", line 2805, in run
    result = ci.function(session, **kw_args)
  File "/usr/lib/ucsf-chimerax/lib/python3.7/site-packages/chimerax/open_command/cmd.py", line 154, in provider_open
    name or model_name_from_path(fi.file_name)), provider_kw)
  File "/usr/lib/ucsf-chimerax/lib/python3.7/site-packages/chimerax/open_command/cmd.py", line 372, in collated_open
    return func(*func_args, **func_kw)
  File "/usr/lib/ucsf-chimerax/lib/python3.7/site-packages/chimerax/core_formats/__init__.py", line 37, in open
    return open_command_script(session, data, file_name)
  File "/usr/lib/ucsf-chimerax/lib/python3.7/site-packages/chimerax/core/scripting.py", line 139, in open_command_script
    run(session, text)
  File "/usr/lib/ucsf-chimerax/lib/python3.7/site-packages/chimerax/core/commands/run.py", line 31, in run
    results = command.run(text, log=log)
  File "/usr/lib/ucsf-chimerax/lib/python3.7/site-packages/chimerax/core/commands/cli.py", line 2805, in run
    result = ci.function(session, **kw_args)
  File "/usr/lib/ucsf-chimerax/lib/python3.7/site-packages/chimerax/std_commands/setattr.py", line 104, in set_attr
    setattr(item, attr_name, value)
  File "cymol.pyx", line 1240, in chimerax.atomic.cymol.CyResidue.phi.__set__
  File "cymol.pyx", line 1612, in chimerax.atomic.cymol._set_angle
  File "/usr/lib/ucsf-chimerax/lib/python3.7/site-packages/chimerax/bond_rot/manager.py", line 87, in new_rotation
    raise BondRotationError("Bond %s is part of a ring/cycle and cannot be rotated" % bond)
chimerax.bond_rot.manager.BondRotationError: Bond /A PRO 11 N ↔ CA is part of a ring/cycle and cannot be rotated
INFO:
UCSF ChimeraX version: 1.1 (2020-09-09)
INFO:
© 2016-2020 Regents of the University of California.  All rights reserved.
INFO:
[How to cite UCSF ChimeraX](cxcmd:help help:credits.html)  

INFO:
Executing: open /media/zita/420035510C1C3397/Research-from-2016-09-30/Scripts/DIPEND/test-results/parameters/rotate.cxc
INFO:
Executing: open /media/zita/420035510C1C3397/Research-from-2016-09-30/Scripts/DIPEND/test-results/parameters/test_parameters_2.pdb
INFO:
Chain information for test_parameters_2.pdb #1  
---  
Chain | Description  
[A](cxcmd:select /A:1-12 "Select chain") | [No description
available](cxcmd:sequence chain #1/A "Show sequence")  
  

INFO:
Executing: setattr :1 res phi 150.0
INFO:
Assigning phi attribute to 1 item
INFO:
Executing: setattr :1 res psi 155.0
INFO:
Assigning psi attribute to 1 item
INFO:
Executing: setattr :2 res phi -85.0
INFO:
Assigning phi attribute to 1 item
INFO:
Executing: setattr :2 res psi -25.0
INFO:
Assigning psi attribute to 1 item
INFO:
Executing: setattr :3 res phi -90.0
INFO:
Assigning phi attribute to 1 item
INFO:
Executing: setattr :3 res psi -5.0
INFO:
Assigning psi attribute to 1 item
INFO:
Executing: setattr :4 res phi -115.0
INFO:
Assigning phi attribute to 1 item
INFO:
Executing: setattr :4 res psi 135.0
INFO:
Assigning psi attribute to 1 item
INFO:
Executing: setattr :5 res phi 55.0
INFO:
Assigning phi attribute to 1 item
INFO:
Executing: setattr :5 res psi 40.0
INFO:
Assigning psi attribute to 1 item
INFO:
Executing: setattr :6 res phi 5.0
INFO:
Assigning phi attribute to 1 item
INFO:
Executing: setattr :6 res psi 140.0
INFO:
Assigning psi attribute to 1 item
INFO:
Executing: setattr :7 res phi 100
INFO:
Assigning phi attribute to 1 item
INFO:
Executing: setattr :7 res psi 150
INFO:
Assigning psi attribute to 1 item
INFO:
Executing: setattr :8 res phi -50.0
INFO:
Assigning phi attribute to 1 item
INFO:
Executing: setattr :8 res psi 0.0
INFO:
Assigning psi attribute to 1 item
INFO:
Executing: setattr :9 res phi -165.0
INFO:
Assigning phi attribute to 1 item
INFO:
Executing: setattr :9 res psi -180.0
INFO:
Assigning psi attribute to 1 item
INFO:
Executing: setattr :10 res phi -50.0
INFO:
Assigning phi attribute to 1 item
INFO:
Executing: setattr :10 res psi 0.0
INFO:
Assigning psi attribute to 1 item
INFO:
Executing: setattr :11 res psi 0.0
INFO:
Assigning psi attribute to 1 item
INFO:
Executing: setattr :12 res phi -55
INFO:
Assigning phi attribute to 1 item
INFO:
Executing: setattr :12 res psi 145
INFO:
Assigning psi attribute to 1 item
INFO:
Executing: save /media/zita/420035510C1C3397/Research-from-2016-09-30/Scripts/DIPEND/test-results/parameters/test_parameters_2.pdb
INFO:
Executing: quit
STATUS:
Exiting ...
0.00% done: Initializing core
50.00% done: Initializing bundles
100.00% done: Finished initialization
INFO:
UCSF ChimeraX version: 1.1 (2020-09-09)
INFO:
© 2016-2020 Regents of the University of California.  All rights reserved.
INFO:
[How to cite UCSF ChimeraX](cxcmd:help help:credits.html)  

INFO:
Executing: open /media/zita/420035510C1C3397/Research-from-2016-09-30/Scripts/DIPEND/test-results/parameters/rotateProPhi.cxc
INFO:
Executing: open /media/zita/420035510C1C3397/Research-from-2016-09-30/Scripts/DIPEND/test-results/parameters/test_parameters_2.pdb
INFO:
Chain information for test_parameters_2.pdb #1  
---  
Chain | Description  
[A](cxcmd:select /A:1-12 "Select chain") | [No description
available](cxcmd:sequence chain #1/A "Show sequence")  
  

INFO:
Executing: setattr :11 res phi -50.0
INFO:
Assigning phi attribute to 1 item
0.00% done: Initializing core
50.00% done: Initializing bundles
100.00% done: Finished initialization
Traceback (most recent call last):
  File "/usr/lib/ucsf-chimerax/lib/python3.7/site-packages/chimerax/bond_rot/manager.py", line 85, in new_rotation
    moving_side = bond.smaller_side
  File "/usr/lib/ucsf-chimerax/lib/python3.7/site-packages/chimerax/atomic/molobject.py", line 218, in smaller_side
    return f(self._c_pointer)
ValueError: Bond::side() called on bond in ring or cycle

During handling of the above exception, another exception occurred:

Traceback (most recent call last):
  File "/usr/lib/ucsf-chimerax/lib/python3.7/site-packages/ChimeraX_main.py", line 755, in init
    commands.run(sess, 'open %s' % StringArg.unparse(arg))
  File "/usr/lib/ucsf-chimerax/lib/python3.7/site-packages/chimerax/core/commands/run.py", line 31, in run
    results = command.run(text, log=log)
  File "/usr/lib/ucsf-chimerax/lib/python3.7/site-packages/chimerax/core/commands/cli.py", line 2805, in run
    result = ci.function(session, **kw_args)
  File "/usr/lib/ucsf-chimerax/lib/python3.7/site-packages/chimerax/open_command/cmd.py", line 100, in cmd_open
    return Command(session, registry=registry).run(provider_cmd_text, log=log)
  File "/usr/lib/ucsf-chimerax/lib/python3.7/site-packages/chimerax/core/commands/cli.py", line 2805, in run
    result = ci.function(session, **kw_args)
  File "/usr/lib/ucsf-chimerax/lib/python3.7/site-packages/chimerax/open_command/cmd.py", line 154, in provider_open
    name or model_name_from_path(fi.file_name)), provider_kw)
  File "/usr/lib/ucsf-chimerax/lib/python3.7/site-packages/chimerax/open_command/cmd.py", line 372, in collated_open
    return func(*func_args, **func_kw)
  File "/usr/lib/ucsf-chimerax/lib/python3.7/site-packages/chimerax/core_formats/__init__.py", line 37, in open
    return open_command_script(session, data, file_name)
  File "/usr/lib/ucsf-chimerax/lib/python3.7/site-packages/chimerax/core/scripting.py", line 139, in open_command_script
    run(session, text)
  File "/usr/lib/ucsf-chimerax/lib/python3.7/site-packages/chimerax/core/commands/run.py", line 31, in run
    results = command.run(text, log=log)
  File "/usr/lib/ucsf-chimerax/lib/python3.7/site-packages/chimerax/core/commands/cli.py", line 2805, in run
    result = ci.function(session, **kw_args)
  File "/usr/lib/ucsf-chimerax/lib/python3.7/site-packages/chimerax/std_commands/setattr.py", line 104, in set_attr
    setattr(item, attr_name, value)
  File "cymol.pyx", line 1240, in chimerax.atomic.cymol.CyResidue.phi.__set__
  File "cymol.pyx", line 1612, in chimerax.atomic.cymol._set_angle
  File "/usr/lib/ucsf-chimerax/lib/python3.7/site-packages/chimerax/bond_rot/manager.py", line 87, in new_rotation
    raise BondRotationError("Bond %s is part of a ring/cycle and cannot be rotated" % bond)
chimerax.bond_rot.manager.BondRotationError: Bond /A PRO 11 N ↔ CA is part of a ring/cycle and cannot be rotated
INFO:
UCSF ChimeraX version: 1.1 (2020-09-09)
INFO:
© 2016-2020 Regents of the University of California.  All rights reserved.
INFO:
[How to cite UCSF ChimeraX](cxcmd:help help:credits.html)  

INFO:
Executing: open /media/zita/420035510C1C3397/Research-from-2016-09-30/Scripts/DIPEND/test-results/parameters/rotate.cxc
INFO:
Executing: open /media/zita/420035510C1C3397/Research-from-2016-09-30/Scripts/DIPEND/test-results/parameters/test_parameters_1.pdb
INFO:
Chain information for test_parameters_1.pdb #1  
---  
Chain | Description  
[A](cxcmd:select /A:1-12 "Select chain") | [No description
available](cxcmd:sequence chain #1/A "Show sequence")  
  

INFO:
Executing: setattr :1 res phi 65.0
INFO:
Assigning phi attribute to 1 item
INFO:
Executing: setattr :1 res psi -140.0
INFO:
Assigning psi attribute to 1 item
INFO:
Executing: setattr :2 res phi -65.0
INFO:
Assigning phi attribute to 1 item
INFO:
Executing: setattr :2 res psi 135.0
INFO:
Assigning psi attribute to 1 item
INFO:
Executing: setattr :3 res phi -50.0
INFO:
Assigning phi attribute to 1 item
INFO:
Executing: setattr :3 res psi 130.0
INFO:
Assigning psi attribute to 1 item
INFO:
Executing: setattr :4 res phi -55.0
INFO:
Assigning phi attribute to 1 item
INFO:
Executing: setattr :4 res psi 50.0
INFO:
Assigning psi attribute to 1 item
INFO:
Executing: setattr :5 res phi 65.0
INFO:
Assigning phi attribute to 1 item
INFO:
Executing: setattr :5 res psi 30.0
INFO:
Assigning psi attribute to 1 item
INFO:
Executing: setattr :6 res phi -175.0
INFO:
Assigning phi attribute to 1 item
INFO:
Executing: setattr :6 res psi 25.0
INFO:
Assigning psi attribute to 1 item
INFO:
Executing: setattr :7 res phi 80
INFO:
Assigning phi attribute to 1 item
INFO:
Executing: setattr :7 res psi 5
INFO:
Assigning psi attribute to 1 item
INFO:
Executing: setattr :8 res phi -55.0
INFO:
Assigning phi attribute to 1 item
INFO:
Executing: setattr :8 res psi 0.0
INFO:
Assigning psi attribute to 1 item
INFO:
Executing: setattr :9 res phi -50.0
INFO:
Assigning phi attribute to 1 item
INFO:
Executing: setattr :9 res psi 0.0
INFO:
Assigning psi attribute to 1 item
INFO:
Executing: setattr :10 res phi -65.0
INFO:
Assigning phi attribute to 1 item
INFO:
Executing: setattr :10 res psi 155.0
INFO:
Assigning psi attribute to 1 item
INFO:
Executing: setattr :11 res psi 150.0
INFO:
Assigning psi attribute to 1 item
INFO:
Executing: setattr :12 res phi -60
INFO:
Assigning phi attribute to 1 item
INFO:
Executing: setattr :12 res psi 145
INFO:
Assigning psi attribute to 1 item
INFO:
Executing: save /media/zita/420035510C1C3397/Research-from-2016-09-30/Scripts/DIPEND/test-results/parameters/test_parameters_1.pdb
INFO:
Executing: quit
STATUS:
Exiting ...
0.00% done: Initializing core
50.00% done: Initializing bundles
100.00% done: Finished initialization
INFO:
UCSF ChimeraX version: 1.1 (2020-09-09)
INFO:
© 2016-2020 Regents of the University of California.  All rights reserved.
INFO:
[How to cite UCSF ChimeraX](cxcmd:help help:credits.html)  

INFO:
Executing: open /media/zita/420035510C1C3397/Research-from-2016-09-30/Scripts/DIPEND/test-results/parameters/rotateProPhi.cxc
INFO:
Executing: open /media/zita/420035510C1C3397/Research-from-2016-09-30/Scripts/DIPEND/test-results/parameters/test_parameters_1.pdb
INFO:
Chain information for test_parameters_1.pdb #1  
---  
Chain | Description  
[A](cxcmd:select /A:1-12 "Select chain") | [No description
available](cxcmd:sequence chain #1/A "Show sequence")  
  

INFO:
Executing: setattr :11 res phi -60.0
INFO:
Assigning phi attribute to 1 item
0.00% done: Initializing core
50.00% done: Initializing bundles
100.00% done: Finished initialization
Traceback (most recent call last):
  File "/usr/lib/ucsf-chimerax/lib/python3.7/site-packages/chimerax/bond_rot/manager.py", line 85, in new_rotation
    moving_side = bond.smaller_side
  File "/usr/lib/ucsf-chimerax/lib/python3.7/site-packages/chimerax/atomic/molobject.py", line 218, in smaller_side
    return f(self._c_pointer)
ValueError: Bond::side() called on bond in ring or cycle

During handling of the above exception, another exception occurred:

Traceback (most recent call last):
  File "/usr/lib/ucsf-chimerax/lib/python3.7/site-packages/ChimeraX_main.py", line 755, in init
    commands.run(sess, 'open %s' % StringArg.unparse(arg))
  File "/usr/lib/ucsf-chimerax/lib/python3.7/site-packages/chimerax/core/commands/run.py", line 31, in run
    results = command.run(text, log=log)
  File "/usr/lib/ucsf-chimerax/lib/python3.7/site-packages/chimerax/core/commands/cli.py", line 2805, in run
    result = ci.function(session, **kw_args)
  File "/usr/lib/ucsf-chimerax/lib/python3.7/site-packages/chimerax/open_command/cmd.py", line 100, in cmd_open
    return Command(session, registry=registry).run(provider_cmd_text, log=log)
  File "/usr/lib/ucsf-chimerax/lib/python3.7/site-packages/chimerax/core/commands/cli.py", line 2805, in run
    result = ci.function(session, **kw_args)
  File "/usr/lib/ucsf-chimerax/lib/python3.7/site-packages/chimerax/open_command/cmd.py", line 154, in provider_open
    name or model_name_from_path(fi.file_name)), provider_kw)
  File "/usr/lib/ucsf-chimerax/lib/python3.7/site-packages/chimerax/open_command/cmd.py", line 372, in collated_open
    return func(*func_args, **func_kw)
  File "/usr/lib/ucsf-chimerax/lib/python3.7/site-packages/chimerax/core_formats/__init__.py", line 37, in open
    return open_command_script(session, data, file_name)
  File "/usr/lib/ucsf-chimerax/lib/python3.7/site-packages/chimerax/core/scripting.py", line 139, in open_command_script
    run(session, text)
  File "/usr/lib/ucsf-chimerax/lib/python3.7/site-packages/chimerax/core/commands/run.py", line 31, in run
    results = command.run(text, log=log)
  File "/usr/lib/ucsf-chimerax/lib/python3.7/site-packages/chimerax/core/commands/cli.py", line 2805, in run
    result = ci.function(session, **kw_args)
  File "/usr/lib/ucsf-chimerax/lib/python3.7/site-packages/chimerax/std_commands/setattr.py", line 104, in set_attr
    setattr(item, attr_name, value)
  File "cymol.pyx", line 1240, in chimerax.atomic.cymol.CyResidue.phi.__set__
  File "cymol.pyx", line 1612, in chimerax.atomic.cymol._set_angle
  File "/usr/lib/ucsf-chimerax/lib/python3.7/site-packages/chimerax/bond_rot/manager.py", line 87, in new_rotation
    raise BondRotationError("Bond %s is part of a ring/cycle and cannot be rotated" % bond)
chimerax.bond_rot.manager.BondRotationError: Bond /A PRO 11 N ↔ CA is part of a ring/cycle and cannot be rotated
INFO:
UCSF ChimeraX version: 1.1 (2020-09-09)
INFO:
© 2016-2020 Regents of the University of California.  All rights reserved.
INFO:
[How to cite UCSF ChimeraX](cxcmd:help help:credits.html)  

INFO:
Executing: open /media/zita/420035510C1C3397/Research-from-2016-09-30/Scripts/DIPEND/test-results/parameters/rotate.cxc
INFO:
Executing: open /media/zita/420035510C1C3397/Research-from-2016-09-30/Scripts/DIPEND/test-results/parameters/test_parameters_2.pdb
INFO:
Chain information for test_parameters_2.pdb #1  
---  
Chain | Description  
[A](cxcmd:select /A:1-12 "Select chain") | [No description
available](cxcmd:sequence chain #1/A "Show sequence")  
  

INFO:
Executing: setattr :1 res phi -180.0
INFO:
Assigning phi attribute to 1 item
INFO:
Executing: setattr :1 res psi 0.0
INFO:
Assigning psi attribute to 1 item
INFO:
Executing: setattr :2 res phi -95.0
INFO:
Assigning phi attribute to 1 item
INFO:
Executing: setattr :2 res psi -175.0
INFO:
Assigning psi attribute to 1 item
INFO:
Executing: setattr :3 res phi -95.0
INFO:
Assigning phi attribute to 1 item
INFO:
Executing: setattr :3 res psi 170.0
INFO:
Assigning psi attribute to 1 item
INFO:
Executing: setattr :4 res phi -65.0
INFO:
Assigning phi attribute to 1 item
INFO:
Executing: setattr :4 res psi 135.0
INFO:
Assigning psi attribute to 1 item
INFO:
Executing: setattr :5 res phi -95.0
INFO:
Assigning phi attribute to 1 item
INFO:
Executing: setattr :5 res psi -175.0
INFO:
Assigning psi attribute to 1 item
INFO:
Executing: setattr :6 res phi -160.0
INFO:
Assigning phi attribute to 1 item
INFO:
Executing: setattr :6 res psi -95.0
INFO:
Assigning psi attribute to 1 item
INFO:
Executing: setattr :7 res phi 150
INFO:
Assigning phi attribute to 1 item
INFO:
Executing: setattr :7 res psi 175
INFO:
Assigning psi attribute to 1 item
INFO:
Executing: setattr :8 res phi -50.0
INFO:
Assigning phi attribute to 1 item
INFO:
Executing: setattr :8 res psi 120.0
INFO:
Assigning psi attribute to 1 item
INFO:
Executing: setattr :9 res phi -55.0
INFO:
Assigning phi attribute to 1 item
INFO:
Executing: setattr :9 res psi -5.0
INFO:
Assigning psi attribute to 1 item
INFO:
Executing: setattr :10 res phi -55.0
INFO:
Assigning phi attribute to 1 item
INFO:
Executing: setattr :10 res psi 5.0
INFO:
Assigning psi attribute to 1 item
INFO:
Executing: setattr :11 res psi 0.0
INFO:
Assigning psi attribute to 1 item
INFO:
Executing: setattr :12 res phi -55
INFO:
Assigning phi attribute to 1 item
INFO:
Executing: setattr :12 res psi 150
INFO:
Assigning psi attribute to 1 item
INFO:
Executing: save /media/zita/420035510C1C3397/Research-from-2016-09-30/Scripts/DIPEND/test-results/parameters/test_parameters_2.pdb
INFO:
Executing: quit
STATUS:
Exiting ...
0.00% done: Initializing core
50.00% done: Initializing bundles
100.00% done: Finished initialization
INFO:
UCSF ChimeraX version: 1.1 (2020-09-09)
INFO:
© 2016-2020 Regents of the University of California.  All rights reserved.
INFO:
[How to cite UCSF ChimeraX](cxcmd:help help:credits.html)  

INFO:
Executing: open /media/zita/420035510C1C3397/Research-from-2016-09-30/Scripts/DIPEND/test-results/parameters/rotateProPhi.cxc
INFO:
Executing: open /media/zita/420035510C1C3397/Research-from-2016-09-30/Scripts/DIPEND/test-results/parameters/test_parameters_2.pdb
INFO:
Chain information for test_parameters_2.pdb #1  
---  
Chain | Description  
[A](cxcmd:select /A:1-12 "Select chain") | [No description
available](cxcmd:sequence chain #1/A "Show sequence")  
  

INFO:
Executing: setattr :11 res phi -50.0
INFO:
Assigning phi attribute to 1 item
0.00% done: Initializing core
50.00% done: Initializing bundles
100.00% done: Finished initialization
Traceback (most recent call last):
  File "/usr/lib/ucsf-chimerax/lib/python3.7/site-packages/chimerax/bond_rot/manager.py", line 85, in new_rotation
    moving_side = bond.smaller_side
  File "/usr/lib/ucsf-chimerax/lib/python3.7/site-packages/chimerax/atomic/molobject.py", line 218, in smaller_side
    return f(self._c_pointer)
ValueError: Bond::side() called on bond in ring or cycle

During handling of the above exception, another exception occurred:

Traceback (most recent call last):
  File "/usr/lib/ucsf-chimerax/lib/python3.7/site-packages/ChimeraX_main.py", line 755, in init
    commands.run(sess, 'open %s' % StringArg.unparse(arg))
  File "/usr/lib/ucsf-chimerax/lib/python3.7/site-packages/chimerax/core/commands/run.py", line 31, in run
    results = command.run(text, log=log)
  File "/usr/lib/ucsf-chimerax/lib/python3.7/site-packages/chimerax/core/commands/cli.py", line 2805, in run
    result = ci.function(session, **kw_args)
  File "/usr/lib/ucsf-chimerax/lib/python3.7/site-packages/chimerax/open_command/cmd.py", line 100, in cmd_open
    return Command(session, registry=registry).run(provider_cmd_text, log=log)
  File "/usr/lib/ucsf-chimerax/lib/python3.7/site-packages/chimerax/core/commands/cli.py", line 2805, in run
    result = ci.function(session, **kw_args)
  File "/usr/lib/ucsf-chimerax/lib/python3.7/site-packages/chimerax/open_command/cmd.py", line 154, in provider_open
    name or model_name_from_path(fi.file_name)), provider_kw)
  File "/usr/lib/ucsf-chimerax/lib/python3.7/site-packages/chimerax/open_command/cmd.py", line 372, in collated_open
    return func(*func_args, **func_kw)
  File "/usr/lib/ucsf-chimerax/lib/python3.7/site-packages/chimerax/core_formats/__init__.py", line 37, in open
    return open_command_script(session, data, file_name)
  File "/usr/lib/ucsf-chimerax/lib/python3.7/site-packages/chimerax/core/scripting.py", line 139, in open_command_script
    run(session, text)
  File "/usr/lib/ucsf-chimerax/lib/python3.7/site-packages/chimerax/core/commands/run.py", line 31, in run
    results = command.run(text, log=log)
  File "/usr/lib/ucsf-chimerax/lib/python3.7/site-packages/chimerax/core/commands/cli.py", line 2805, in run
    result = ci.function(session, **kw_args)
  File "/usr/lib/ucsf-chimerax/lib/python3.7/site-packages/chimerax/std_commands/setattr.py", line 104, in set_attr
    setattr(item, attr_name, value)
  File "cymol.pyx", line 1240, in chimerax.atomic.cymol.CyResidue.phi.__set__
  File "cymol.pyx", line 1612, in chimerax.atomic.cymol._set_angle
  File "/usr/lib/ucsf-chimerax/lib/python3.7/site-packages/chimerax/bond_rot/manager.py", line 87, in new_rotation
    raise BondRotationError("Bond %s is part of a ring/cycle and cannot be rotated" % bond)
chimerax.bond_rot.manager.BondRotationError: Bond /A PRO 11 N ↔ CA is part of a ring/cycle and cannot be rotated
